<?xml version="1.0" encoding="UTF-8"?>
<!-- Generated by org.testng.reporters.JUnitReportReporter -->
<testsuite hostname="DESKTOP-45L258V" failures="0" tests="1" name="pageObjectModel.FaceBookTest" time="16.341" errors="0" timestamp="2022-09-15T22:05:44 PDT" skipped="0">
  <testcase classname="pageObjectModel.FaceBookTest" name="Testcase1" time="16.341"/>
  <system-out/>
</testsuite> <!-- pageObjectModel.FaceBookTest -->
