<?xml version="1.0" encoding="UTF-8"?>
<!-- Generated by org.testng.reporters.JUnitReportReporter -->
<testsuite hostname="DESKTOP-45L258V" failures="0" tests="1" name="seleniumbasics.TooltipHandling" time="10.323" errors="0" timestamp="2022-10-19T13:08:11 PDT" skipped="0">
  <testcase classname="seleniumbasics.TooltipHandling" name="tooltip" time="10.323"/>
  <system-out/>
</testsuite> <!-- seleniumbasics.TooltipHandling -->
