<?xml version="1.0" encoding="UTF-8"?>
<!-- Generated by org.testng.reporters.JUnitReportReporter -->
<testsuite hostname="DESKTOP-45L258V" failures="0" tests="2" name="testngFramework.TestngBasics" time="0.035" errors="0" timestamp="2022-09-13T08:25:33 PDT" skipped="0">
  <testcase classname="testngFramework.TestngBasics" name="googleTitleTest" time="0.027"/>
  <system-out/>
  <testcase classname="testngFramework.TestngBasics" name="checkingElement" time="0.008"/>
  <system-out/>
</testsuite> <!-- testngFramework.TestngBasics -->
