<?xml version="1.0" encoding="UTF-8"?>
<!-- Generated by org.testng.reporters.JUnitReportReporter -->
<testsuite hostname="DESKTOP-45L258V" failures="0" tests="2" name="testngFramework.TestNgSample" time="25.247" errors="0" timestamp="2022-09-13T08:25:34 PDT" skipped="0">
  <testcase classname="testngFramework.TestNgSample" name="test2" time="17.250"/>
  <system-out/>
  <testcase classname="testngFramework.TestNgSample" name="test1" time="7.997"/>
  <system-out/>
</testsuite> <!-- testngFramework.TestNgSample -->
