<?xml version="1.0" encoding="UTF-8"?>
<!-- Generated by org.testng.reporters.JUnitReportReporter -->
<testsuite hostname="DESKTOP-45L258V" failures="0" tests="1" name="testngFramework.FbTest" time="48.890" errors="0" timestamp="2022-09-15T01:14:43 PDT" skipped="0">
  <testcase classname="testngFramework.FbTest" name="Login" time="48.890"/>
  <system-out/>
</testsuite> <!-- testngFramework.FbTest -->
