<?xml version="1.0" encoding="UTF-8"?>
<!-- Generated by org.testng.reporters.JUnitReportReporter -->
<testsuite hostname="DESKTOP-45L258V" failures="0" tests="1" name="seleniumbasics.DownloadingFileChrome" time="34.467" errors="0" timestamp="2022-10-19T14:03:31 PDT" skipped="0">
  <testcase classname="seleniumbasics.DownloadingFileChrome" name="downloading" time="34.467"/>
  <system-out/>
</testsuite> <!-- seleniumbasics.DownloadingFileChrome -->
