<?xml version="1.0" encoding="UTF-8"?>
<!-- Generated by org.testng.reporters.JUnitReportReporter -->
<testsuite hostname="DESKTOP-45L258V" failures="0" tests="1" name="seleniumbasics.ScreenShotCapturing" time="0.313" errors="0" timestamp="2022-09-25T22:48:20 PDT" skipped="0">
  <testcase classname="seleniumbasics.ScreenShotCapturing" name="test" time="0.313"/>
  <system-out/>
</testsuite> <!-- seleniumbasics.ScreenShotCapturing -->
